# openssl x509 -in root.pem -noout -text > root.out
Certificate:
    Data:
        Version: 3 (0x2)
        Serial Number:
            46:bb:2e:0a:8d:0e:e8:0e:ef:46:14:98:34:57:94:e3:d1:cc:a0:d3
        Signature Algorithm: sha256WithRSAEncryption
        Issuer: O = Grasscutter, CN = Grasscutter Root CA
        Validity
            Not Before: Apr 23 16:06:19 2022 GMT
            Not After : Mar 30 16:06:19 2122 GMT
        Subject: O = Grasscutter, CN = Grasscutter Root CA
        Subject Public Key Info:
            Public Key Algorithm: rsaEncryption
                RSA Public-Key: (4096 bit)
                Modulus:
                    00:c5:3e:e0:5a:ff:ef:1a:13:cc:35:07:72:b0:a6:
                    23:c6:96:2f:38:a0:09:1c:57:ac:db:55:f3:5f:c9:
                    36:7f:87:97:79:22:77:5d:66:fa:6c:53:3f:3b:4b:
                    08:5b:a2:8e:83:0c:7d:56:6a:7d:8d:21:cb:41:df:
                    e0:ec:59:6a:d2:7f:60:c7:83:ff:4d:cc:1c:07:3d:
                    36:34:04:b5:bb:73:38:90:21:a2:08:bb:bf:fe:6f:
                    19:51:fa:e7:61:a7:40:7f:34:83:71:90:30:cd:58:
                    5c:41:65:a8:7f:02:5a:fa:e0:d0:fc:8f:bc:b8:e2:
                    2a:0f:da:cf:b4:53:fb:2c:1b:f6:58:00:cf:95:d3:
                    f9:a9:47:96:65:e6:1b:88:c4:49:9b:09:19:79:25:
                    53:c3:a6:39:e7:8d:42:35:40:c8:db:84:fd:95:8e:
                    40:39:ce:82:83:ce:76:f5:85:9c:36:ee:b7:2a:d8:
                    54:8a:39:c6:ec:49:8b:1b:93:e1:42:97:d3:d8:15:
                    dd:48:9f:b9:f1:7b:54:16:4b:a0:7b:13:42:c9:4f:
                    ad:ce:e4:76:37:10:93:99:ea:85:f4:25:21:1d:d6:
                    f5:26:dd:b0:2e:f1:17:01:aa:39:ae:a7:4d:47:6b:
                    af:d4:b1:de:7e:d6:49:bb:b3:dc:58:77:35:04:76:
                    6f:6c:a7:24:c9:67:2f:b9:92:17:06:9c:da:58:c5:
                    61:19:c6:84:a0:e1:9d:f4:8a:bf:6c:7b:0f:16:7e:
                    89:a5:16:85:d9:28:84:b4:0d:58:26:e0:e1:8b:ec:
                    4e:1f:09:19:a3:5d:56:0c:6e:d0:59:90:79:cc:f3:
                    d0:bc:7c:b0:25:a2:28:53:4c:29:39:3a:8f:b7:49:
                    15:cf:66:10:2d:d7:97:5e:20:db:4b:dd:ec:71:cd:
                    41:04:99:52:cc:ec:99:94:a5:21:6b:91:28:1a:01:
                    af:0f:94:35:4c:ef:81:a8:bb:5b:44:45:f7:c6:b0:
                    94:0f:e0:64:c6:ae:c2:3a:be:54:39:e5:5c:cc:6f:
                    90:43:ca:dc:a8:de:fd:95:35:11:6a:cd:1b:e9:34:
                    9f:62:6e:0a:fa:11:d7:6e:9b:1b:ba:ee:e4:fb:d1:
                    93:6c:0c:00:24:0c:ed:31:16:45:b6:98:4d:95:82:
                    58:cc:34:dd:f3:f7:40:51:e6:45:ea:12:1b:9b:bd:
                    7f:19:42:7b:d6:8e:6d:0a:08:ca:48:de:79:de:46:
                    9b:46:9e:fd:d7:24:e6:f1:c0:7a:7d:ea:02:cb:0e:
                    1a:6c:af:62:0b:fd:39:d2:c0:3a:c7:98:c9:9e:c4:
                    f0:80:e9:d5:f9:56:ce:df:61:88:97:2a:65:bc:10:
                    20:a1:31
                Exponent: 65537 (0x10001)
        X509v3 extensions:
            X509v3 Subject Key Identifier: 
                60:41:B1:C8:10:9C:8E:45:94:E2:F3:A1:00:22:7A:AF:B3:DC:3F:94
            X509v3 Authority Key Identifier: 
                keyid:60:41:B1:C8:10:9C:8E:45:94:E2:F3:A1:00:22:7A:AF:B3:DC:3F:94

            X509v3 Basic Constraints: critical
                CA:TRUE
    Signature Algorithm: sha256WithRSAEncryption
         a0:9d:85:96:33:64:c3:5a:1e:b5:77:eb:48:83:cf:2b:ca:3e:
         fc:27:b6:e6:73:58:31:bc:d1:10:f5:2b:c4:b7:37:45:f0:f0:
         5f:85:8c:7c:9e:ee:a1:1e:71:3b:03:db:27:54:d0:2f:7f:f8:
         16:70:0f:6d:df:fb:74:6c:f7:86:a3:da:85:e9:eb:1a:c7:1d:
         89:a6:57:7b:ed:a6:d2:ac:b9:2b:5d:88:d4:af:1c:83:56:fd:
         2e:a7:25:5b:59:58:06:74:97:54:26:eb:e2:05:ac:6d:cc:2f:
         b4:81:27:87:d1:8b:92:a4:fe:28:34:48:32:dd:8e:62:df:fc:
         ab:92:39:95:1a:d4:e5:44:72:0e:7c:ed:28:bf:ea:47:01:0f:
         1a:71:eb:5f:71:c7:73:c5:bb:82:21:a8:dc:4f:a2:13:dd:5c:
         e4:3d:86:d4:de:62:0b:92:79:03:e0:9c:84:e5:18:28:16:1b:
         e1:e5:d3:85:64:bb:e7:39:8e:6b:15:0b:bc:30:ad:5e:09:fa:
         4d:b7:15:4f:99:fc:8a:c7:52:82:38:0e:38:99:f6:4c:72:8c:
         58:ab:a5:9c:9d:01:cd:13:57:74:2d:02:ef:aa:39:77:6b:36:
         40:77:94:1a:ab:5f:ab:e1:d6:ea:44:8f:87:fd:22:a8:ec:84:
         15:bf:66:a8:55:7f:0f:c0:7a:25:f9:87:1c:46:1c:dc:6c:36:
         e4:5c:f4:ee:85:45:1c:9a:54:30:e1:66:75:62:79:08:a5:33:
         df:52:94:3b:b7:d7:29:00:2b:59:b9:3b:f0:64:2a:90:9a:92:
         42:e4:ea:22:be:ce:57:45:16:c9:c0:83:a6:35:b8:fb:e9:98:
         18:e8:be:1f:13:39:71:4b:36:bd:e9:ab:21:1a:17:0f:49:34:
         36:ee:27:f1:e7:45:44:13:0e:04:7c:f4:74:86:21:d0:94:93:
         ec:3d:5f:36:5c:e8:64:71:ec:60:dc:8d:54:c4:67:04:92:37:
         53:24:35:cc:d0:49:f6:17:77:f8:18:03:9f:ca:bc:ba:8c:e1:
         3c:e8:ba:84:60:c2:32:f9:5d:53:a9:17:ba:b4:ea:89:43:2b:
         6c:3a:20:b7:7c:b2:57:c0:cf:2c:f5:4a:90:34:23:95:ba:cf:
         a9:45:ed:b1:80:fc:ce:e0:61:e3:a2:ee:02:99:1e:53:5b:31:
         00:f9:aa:2c:1e:ae:a5:f5:e0:b2:96:b8:f6:64:e9:d8:88:61:
         d5:c2:c0:f6:fb:e3:bf:f6:0f:65:f6:43:bc:71:81:51:8a:4a:
         e0:04:e5:68:1d:31:4d:82:7a:92:36:07:22:71:7c:34:41:08:
         b6:f8:e3:da:58:b4:e6:54
